<?xml version="1.0" encoding="UTF-8"?>
<!-- Generated by org.testng.reporters.JUnitReportReporter -->
<testsuite skipped="0" hostname="asdaas-wv-10478" name="se.ff.bsc.WhenComesTheBusTest" tests="1" failures="0" timestamp="30 Jul 2019 07:05:17 GMT" time="0.123" errors="0">
  <testcase name="BusServiceShouldReturnEta" time="0.123" classname="se.ff.bsc.WhenComesTheBusTest"/>
</testsuite> <!-- se.ff.bsc.WhenComesTheBusTest -->
